<?xml version="1.0" encoding="UTF-8"?>
<!-- Generated by org.testng.reporters.JUnitXMLReporter -->
<testsuite ignored="0" hostname="Rahuls-MacBook-Air.local" failures="0" tests="7" name="Default test" time="0.073" errors="0" timestamp="13 Jun 2021 09:10:03 GMT">
  <testcase classname="com.org.base.Base" name="@BeforeClass setUp" time="0.0">
    <failure type="org.testng.TestNGException" message="
Parameter &amp;apos;url&amp;apos; is required by BeforeClass on method setUp but has not been marked @Optional or defined
in /private/var/folders/r5/_wcl7q213fbgn4r64x4m9k6r0000gn/T/testng-eclipse-148834022/testng-customsuite.xml">
      <![CDATA[org.testng.TestNGException: 
Parameter 'url' is required by BeforeClass on method setUp but has not been marked @Optional or defined
in /private/var/folders/r5/_wcl7q213fbgn4r64x4m9k6r0000gn/T/testng-eclipse-148834022/testng-customsuite.xml
at org.testng.internal.Parameters.createParams(Parameters.java:290)
at org.testng.internal.Parameters.createParametersForMethod(Parameters.java:359)
at org.testng.internal.Parameters.createParameters(Parameters.java:620)
at org.testng.internal.Parameters.createConfigurationParameters(Parameters.java:190)
at org.testng.internal.Invoker.invokeConfigurations(Invoker.java:209)
at org.testng.internal.Invoker.invokeConfigurations(Invoker.java:142)
at org.testng.internal.TestMethodWorker.invokeBeforeClassMethods(TestMethodWorker.java:168)
at org.testng.internal.TestMethodWorker.run(TestMethodWorker.java:105)
at org.testng.TestRunner.privateRun(TestRunner.java:648)
at org.testng.TestRunner.run(TestRunner.java:505)
at org.testng.SuiteRunner.runTest(SuiteRunner.java:455)
at org.testng.SuiteRunner.runSequentially(SuiteRunner.java:450)
at org.testng.SuiteRunner.privateRun(SuiteRunner.java:415)
at org.testng.SuiteRunner.run(SuiteRunner.java:364)
at org.testng.SuiteRunnerWorker.runSuite(SuiteRunnerWorker.java:52)
at org.testng.SuiteRunnerWorker.run(SuiteRunnerWorker.java:84)
at org.testng.TestNG.runSuitesSequentially(TestNG.java:1208)
at org.testng.TestNG.runSuitesLocally(TestNG.java:1137)
at org.testng.TestNG.runSuites(TestNG.java:1049)
at org.testng.TestNG.run(TestNG.java:1017)
at org.testng.remote.AbstractRemoteTestNG.run(AbstractRemoteTestNG.java:114)
at org.testng.remote.RemoteTestNG.initAndRun(RemoteTestNG.java:251)
at org.testng.remote.RemoteTestNG.main(RemoteTestNG.java:77)
]]>
    </failure>
  </testcase> <!-- @BeforeClass setUp -->
  <testcase classname="com.org.tests.AmazonSearchBarTests" name="@BeforeMethod searchBar" time="0.0">
    <skipped/>
  </testcase> <!-- @BeforeMethod searchBar -->
  <testcase classname="com.org.tests.AmazonSearchBarTests" name="@BeforeMethod searchBar" time="0.0">
    <skipped/>
  </testcase> <!-- @BeforeMethod searchBar -->
  <testcase classname="com.org.tests.AmazonSearchBarTests" name="@BeforeMethod searchBar" time="0.0">
    <skipped/>
  </testcase> <!-- @BeforeMethod searchBar -->
  <testcase classname="com.org.tests.AmazonSearchBarTests" name="@BeforeMethod searchBar" time="0.0">
    <skipped/>
  </testcase> <!-- @BeforeMethod searchBar -->
  <testcase classname="com.org.tests.AmazonSearchBarTests" name="@BeforeMethod searchBar" time="0.0">
    <skipped/>
  </testcase> <!-- @BeforeMethod searchBar -->
  <testcase classname="com.org.tests.AmazonSearchBarTests" name="@BeforeMethod searchBar" time="0.0">
    <skipped/>
  </testcase> <!-- @BeforeMethod searchBar -->
  <testcase classname="com.org.tests.AmazonSearchBarTests" name="@BeforeMethod searchBar" time="0.0">
    <skipped/>
  </testcase> <!-- @BeforeMethod searchBar -->
  <testcase classname="com.org.base.Base" name="@AfterClass tearDown" time="0.0">
    <skipped/>
  </testcase> <!-- @AfterClass tearDown -->
  <testcase classname="com.org.tests.AmazonSearchBarTests" name="validateClearOnSearchBar" time="0.0">
    <skipped/>
  </testcase> <!-- validateClearOnSearchBar -->
  <testcase classname="com.org.tests.AmazonSearchBarTests" name="validateClickOnSearchButton" time="0.0">
    <skipped/>
  </testcase> <!-- validateClickOnSearchButton -->
  <testcase classname="com.org.tests.AmazonSearchBarTests" name="validateSearchDataSuggestions" time="0.0">
    <skipped/>
  </testcase> <!-- validateSearchDataSuggestions -->
  <testcase classname="com.org.tests.AmazonSearchBarTests" name="validateDepartmentProductName" time="0.0">
    <skipped/>
  </testcase> <!-- validateDepartmentProductName -->
  <testcase classname="com.org.tests.AmazonSearchBarTests" name="validateCopySearchBarValue" time="0.0">
    <skipped/>
  </testcase> <!-- validateCopySearchBarValue -->
  <testcase classname="com.org.tests.AmazonSearchBarTests" name="validateHighlightText" time="0.0">
    <skipped/>
  </testcase> <!-- validateHighlightText -->
  <testcase classname="com.org.tests.AmazonSearchBarTests" name="validateProductNameAfterSearch" time="0.0">
    <skipped/>
  </testcase> <!-- validateProductNameAfterSearch -->
</testsuite> <!-- Default test -->
